<?xml version="1.0" encoding="UTF-8"?>
<testng-results skipped="0" failed="0" ignored="0" total="1" passed="1">
  <reporter-output>
  </reporter-output>
  <suite name="Vaccine" duration-ms="133118" started-at="2021-05-04T00:34:26 IST" finished-at="2021-05-04T00:36:39 IST">
    <groups>
    </groups>
    <test name="Availability" duration-ms="133118" started-at="2021-05-04T00:34:26 IST" finished-at="2021-05-04T00:36:39 IST">
      <class name="test.CheckStatus">
        <test-method status="PASS" signature="initializeBroswer()[pri:0, instance:test.CheckStatus@71318ec4]" name="initializeBroswer" is-config="true" duration-ms="6780" started-at="2021-05-04T00:34:26 IST" finished-at="2021-05-04T00:34:33 IST">
          <reporter-output>
          </reporter-output>
        </test-method> <!-- initializeBroswer -->
        <test-method status="PASS" signature="sendMailStatus()[pri:0, instance:test.CheckStatus@71318ec4]" name="sendMailStatus" duration-ms="126202" started-at="2021-05-04T00:34:33 IST" finished-at="2021-05-04T00:36:39 IST">
          <reporter-output>
          </reporter-output>
        </test-method> <!-- sendMailStatus -->
        <test-method status="PASS" signature="close()[pri:0, instance:test.CheckStatus@71318ec4]" name="close" is-config="true" duration-ms="92" started-at="2021-05-04T00:36:39 IST" finished-at="2021-05-04T00:36:39 IST">
          <reporter-output>
          </reporter-output>
        </test-method> <!-- close -->
      </class> <!-- test.CheckStatus -->
    </test> <!-- Availability -->
  </suite> <!-- Vaccine -->
</testng-results>
