<?xml version="1.0" encoding="UTF-8"?>
<testng-results skipped="0" failed="0" ignored="0" total="1" passed="1">
  <reporter-output>
  </reporter-output>
  <suite name="Vaccine" duration-ms="133436" started-at="2021-05-05T13:50:42 IST" finished-at="2021-05-05T13:52:55 IST">
    <groups>
    </groups>
    <test name="Availability" duration-ms="133436" started-at="2021-05-05T13:50:42 IST" finished-at="2021-05-05T13:52:55 IST">
      <class name="test.CheckStatus">
        <test-method status="PASS" signature="initializeBroswer()[pri:0, instance:test.CheckStatus@1a1d6a08]" name="initializeBroswer" is-config="true" duration-ms="13012" started-at="2021-05-05T13:50:42 IST" finished-at="2021-05-05T13:50:55 IST">
          <reporter-output>
          </reporter-output>
        </test-method> <!-- initializeBroswer -->
        <test-method status="PASS" signature="sendMailStatus()[pri:0, instance:test.CheckStatus@1a1d6a08]" name="sendMailStatus" duration-ms="119748" started-at="2021-05-05T13:50:55 IST" finished-at="2021-05-05T13:52:55 IST">
          <reporter-output>
          </reporter-output>
        </test-method> <!-- sendMailStatus -->
        <test-method status="PASS" signature="close()[pri:0, instance:test.CheckStatus@1a1d6a08]" name="close" is-config="true" duration-ms="185" started-at="2021-05-05T13:52:55 IST" finished-at="2021-05-05T13:52:55 IST">
          <reporter-output>
          </reporter-output>
        </test-method> <!-- close -->
      </class> <!-- test.CheckStatus -->
    </test> <!-- Availability -->
  </suite> <!-- Vaccine -->
</testng-results>
